2024-01-31 18:29:24,391 - Namespace(file_path='RawData/ETT/ETTm1.csv', artificial_missing_rate=0.1, seq_len=24, sliding_len=12, dataset_name='ETTm1_seqlen24_01masked', saving_path='../generated_datasets')
2024-01-31 18:29:24,449 - months selected as test set are <PeriodArray>
['2016-07', '2016-08', '2016-09', '2016-10']
Length: 4, dtype: period[M]
2024-01-31 18:29:24,449 - months selected as val set are <PeriodArray>
['2016-11', '2016-12', '2017-01', '2017-02']
Length: 4, dtype: period[M]
2024-01-31 18:29:24,449 - months selected as train set are <PeriodArray>
['2017-03', '2017-04', '2017-05', '2017-06', '2017-07', '2017-08', '2017-09',
 '2017-10', '2017-11', '2017-12', '2018-01', '2018-02', '2018-03', '2018-04',
 '2018-05', '2018-06']
Length: 16, dtype: period[M]
2024-01-31 18:29:24,484 - Already masked out 10.0% values in train set
2024-01-31 18:29:24,498 - In val set, num of artificially-masked values: 15313.0
2024-01-31 18:29:24,498 - In test set, num of artificially-masked values: 15724.0
2024-01-31 18:29:24,498 - Feature num: 7,
3861 (0.665) samples in train set
959 (0.165) samples in val set
983 (0.169) samples in test set

2024-01-31 18:29:24,502 - All done. Saved to ../generated_datasets/ETTm1_seqlen24_01masked.
